<?xml version="1.0" encoding="UTF-8"?>
<!-- Generated by org.testng.reporters.JUnitReportReporter -->
<testsuite skipped="0" hostname="ZMBLRANUSHA" name="scripts.Login_Test" tests="1" failures="0" timestamp="26 Jun 2021 10:12:24 GMT" time="9.861" errors="0">
  <testcase name="loginWithInvalidUserNameInvalidPassword_Test" time="9.861" classname="scripts.Login_Test"/>
</testsuite> <!-- scripts.Login_Test -->
