<?xml version="1.0" encoding="UTF-8"?>
<!-- Generated by org.testng.reporters.JUnitReportReporter -->
<testsuite skipped="0" hostname="ZMBLRANUSHA" name="scripts.Login_Test" tests="7" failures="0" timestamp="26 Jun 2021 10:14:21 GMT" time="69.476" errors="0">
  <testcase name="loginWithInvalidUserNameInvalidPassword_Test" time="9.972" classname="scripts.Login_Test"/>
  <testcase name="loginWithValidUserNameInvalidPassword_Test" time="8.984" classname="scripts.Login_Test"/>
  <testcase name="unsuccessfulApplicationCreation_Test" time="12.785" classname="scripts.Login_Test"/>
  <testcase name="loginWithInvalidUserNameValidPassword_Test" time="8.807" classname="scripts.Login_Test"/>
  <testcase name="successfullLogin_Test" time="9.546" classname="scripts.Login_Test"/>
  <testcase name="clicklogin_Test" time="8.034" classname="scripts.Login_Test"/>
  <testcase name="successfulApplicationCreation_Test" time="11.348" classname="scripts.Login_Test"/>
</testsuite> <!-- scripts.Login_Test -->
